<?xml version="1.0" encoding="utf-8"?><testsuites name="pytest tests"><testsuite name="pytest" errors="0" failures="0" skipped="0" tests="6" time="1.578" timestamp="2026-06-17T11:08:35.253833+00:00" hostname="agent-env-b955af9d-fc0e-4339-819f-8c4b46c0a1e7"><testcase classname="backend.tests.test_alerts" name="test_alerts_endpoint_returns_list" time="0.478" /><testcase classname="backend.tests.test_alerts" name="test_alerts_sorted_by_severity" time="0.050" /><testcase classname="backend.tests.test_alerts" name="test_alert_for_open_high_severity_injury" time="0.308" /><testcase classname="backend.tests.test_alerts" name="test_alert_for_open_medium_severity_injury_is_warning" time="0.175" /><testcase classname="backend.tests.test_alerts" name="test_closed_injury_does_not_create_alert" time="0.215" /><testcase classname="backend.tests.test_alerts" name="test_alerts_requires_auth" time="0.127" /></testsuite></testsuites>