<?xml version="1.0" encoding="utf-8"?><testsuites name="pytest tests"><testsuite name="pytest" errors="0" failures="0" skipped="0" tests="6" time="1.477" timestamp="2026-09-12T08:31:42.146241+00:00" hostname="agent-env-b955af9d-fc0e-4339-819f-8c4b46c0a1e7"><testcase classname="tests.test_iteration14" name="test_team_detailed_baseline" time="0.607" /><testcase classname="tests.test_iteration14" name="test_team_detailed_exclude_athlete_ids" time="0.207" /><testcase classname="tests.test_iteration14" name="test_export_team_backup_zip" time="0.086" /><testcase classname="tests.test_iteration14" name="test_import_merge_all_duplicates" time="0.179" /><testcase classname="tests.test_iteration14" name="test_import_replace_wipes_and_reinserts" time="0.269" /><testcase classname="tests.test_iteration14" name="test_import_invalid_mode" time="0.063" /></testsuite></testsuites>