<?xml version="1.0" encoding="utf-8"?><testsuites name="pytest tests"><testsuite name="pytest" errors="0" failures="2" skipped="0" tests="13" time="2.714" timestamp="2026-09-20T11:43:05.573691+00:00" hostname="agent-env-b955af9d-fc0e-4339-819f-8c4b46c0a1e7"><testcase classname="tests.test_iteration19.TestCalendarAdjustedLoad" name="test_calendar_returns_total_load_base_and_adjusted" time="0.739" /><testcase classname="tests.test_iteration19.TestCalendarAdjustedLoad" name="test_days_with_match_or_recovery_differ_from_base" time="0.151" /><testcase classname="tests.test_iteration19.TestCalendarAdjustedLoad" name="test_training_only_day_adjusted_equals_base" time="0.083" /><testcase classname="tests.test_iteration19.TestCalendarAdjustedLoad" name="test_match_multiplier_change_flows_into_calendar" time="0.362" /><testcase classname="tests.test_iteration19.TestPostTeamsParity" name="test_post_invalid_multipliers_returns_400[bad0]" time="0.132" /><testcase classname="tests.test_iteration19.TestPostTeamsParity" name="test_post_invalid_multipliers_returns_400[bad1]" time="0.132" /><testcase classname="tests.test_iteration19.TestPostTeamsParity" name="test_post_invalid_multipliers_returns_400[bad2]" time="0.133" /><testcase classname="tests.test_iteration19.TestPostTeamsParity" name="test_post_invalid_multipliers_returns_400[bad3]" time="0.131" /><testcase classname="tests.test_iteration19.TestPostTeamsParity" name="test_post_valid_multipliers_creates_team" time="0.144" /><testcase classname="tests.test_iteration19.TestPostTeamsParity" name="test_post_without_multipliers_works" time="0.135" /><testcase classname="tests.test_iteration19.TestRegressions" name="test_analytics_warning_kind_present" time="0.140" /><testcase classname="tests.test_iteration19.TestRegressions" name="test_athlete_full_pdf" time="0.248"><failure message="assert 500 == 200&#10; +  where 500 = &lt;Response [500]&gt;.status_code">backend/tests/test_iteration19.py:263: in test_athlete_full_pdf
    assert r.status_code == 200
E   assert 500 == 200
E    +  where 500 = &lt;Response [500]&gt;.status_code</failure></testcase><testcase classname="tests.test_iteration19.TestRegressions" name="test_team_full_pdf" time="0.074"><failure message="assert 500 == 200&#10; +  where 500 = &lt;Response [500]&gt;.status_code">backend/tests/test_iteration19.py:268: in test_team_full_pdf
    assert r.status_code == 200
E   assert 500 == 200
E    +  where 500 = &lt;Response [500]&gt;.status_code</failure></testcase></testsuite></testsuites>