<?xml version="1.0" encoding="utf-8"?><testsuites name="pytest tests"><testsuite name="pytest" errors="0" failures="0" skipped="0" tests="10" time="2.488" timestamp="2026-09-20T11:46:48.598049+00:00" hostname="agent-env-b955af9d-fc0e-4339-819f-8c4b46c0a1e7"><testcase classname="tests.test_iteration20.TestPDFPrimary" name="test_all_athlete_full_pdfs_return_200" time="1.261" /><testcase classname="tests.test_iteration20.TestPDFPrimary" name="test_team_full_pdf_returns_200_and_enough_pages" time="0.259" /><testcase classname="tests.test_iteration20.TestCorruptLogoFallback" name="test_athlete_pdf_with_corrupt_logo" time="0.161" /><testcase classname="tests.test_iteration20.TestCorruptLogoFallback" name="test_team_pdf_with_corrupt_logo" time="0.322" /><testcase classname="tests.test_iteration20.TestCalendarRegression" name="test_calendar_exposes_total_load_and_base" time="0.068" /><testcase classname="tests.test_iteration20.TestPostTeamsParityRegression" name="test_post_invalid_multipliers_400[bad0]" time="0.066" /><testcase classname="tests.test_iteration20.TestPostTeamsParityRegression" name="test_post_invalid_multipliers_400[bad1]" time="0.066" /><testcase classname="tests.test_iteration20.TestPostTeamsParityRegression" name="test_post_invalid_multipliers_400[bad2]" time="0.065" /><testcase classname="tests.test_iteration20.TestWeeklyMonthlyRegression" name="test_weekly_pdf_200" time="0.072" /><testcase classname="tests.test_iteration20.TestWeeklyMonthlyRegression" name="test_monthly_pdf_200" time="0.071" /></testsuite></testsuites>