<?xml version="1.0" encoding="utf-8"?><testsuites name="pytest tests"><testsuite name="pytest" errors="0" failures="0" skipped="0" tests="10" time="3.128" timestamp="2026-09-19T11:01:54.807906+00:00" hostname="agent-env-b955af9d-fc0e-4339-819f-8c4b46c0a1e7"><testcase classname="tests.test_iteration17_weekly_monthly_pdf" name="test_weekly_pdf_all_demo_athletes" time="1.164" /><testcase classname="tests.test_iteration17_weekly_monthly_pdf" name="test_monthly_pdf_all_demo_athletes" time="0.557" /><testcase classname="tests.test_iteration17_weekly_monthly_pdf" name="test_weekly_pdf_athlete_with_zero_sessions" time="0.263" /><testcase classname="tests.test_iteration17_weekly_monthly_pdf" name="test_weekly_pdf_ascii_filename_for_accented_athlete" time="0.064" /><testcase classname="tests.test_iteration17_weekly_monthly_pdf" name="test_monthly_pdf_ascii_filename_for_accented_athlete" time="0.065" /><testcase classname="tests.test_iteration17_weekly_monthly_pdf" name="test_weekly_pdf_player_gets_403" time="0.409" /><testcase classname="tests.test_iteration17_weekly_monthly_pdf" name="test_monthly_pdf_player_gets_403" time="0.067" /><testcase classname="tests.test_iteration17_weekly_monthly_pdf" name="test_regression_athlete_full_report" time="0.089" /><testcase classname="tests.test_iteration17_weekly_monthly_pdf" name="test_regression_team_full_report" time="0.317" /><testcase classname="tests.test_iteration17_weekly_monthly_pdf" name="test_regression_team_backup_zip" time="0.064" /></testsuite></testsuites>