<?xml version="1.0" encoding="utf-8"?><testsuites name="pytest tests"><testsuite name="pytest" errors="0" failures="0" skipped="0" tests="10" time="2.950" timestamp="2026-09-19T10:43:47.068117+00:00" hostname="agent-env-b955af9d-fc0e-4339-819f-8c4b46c0a1e7"><testcase classname="tests.test_iteration16_signature_teampdf.TestCoachName" name="test_put_coach_name" time="0.600" /><testcase classname="tests.test_iteration16_signature_teampdf.TestCoachName" name="test_put_coach_name_empty_clears" time="0.239" /><testcase classname="tests.test_iteration16_signature_teampdf.TestSignature" name="test_delete_when_absent_returns_404_or_200" time="0.118" /><testcase classname="tests.test_iteration16_signature_teampdf.TestSignature" name="test_upload_png" time="0.174" /><testcase classname="tests.test_iteration16_signature_teampdf.TestSignature" name="test_player_cannot_upload" time="0.401" /><testcase classname="tests.test_iteration16_signature_teampdf.TestSignature" name="test_reject_too_large" time="0.228" /><testcase classname="tests.test_iteration16_signature_teampdf.TestSignature" name="test_delete_signature" time="0.303" /><testcase classname="tests.test_iteration16_signature_teampdf.TestAthletePdfSignatureBlock" name="test_signature_block_present" time="0.389" /><testcase classname="tests.test_iteration16_signature_teampdf.TestTeamFullPdf" name="test_coach_ok_and_pagecount" time="0.351" /><testcase classname="tests.test_iteration16_signature_teampdf.TestTeamFullPdf" name="test_player_forbidden" time="0.064" /></testsuite></testsuites>