<?xml version="1.0" encoding="utf-8"?><testsuites name="pytest tests"><testsuite name="pytest" errors="0" failures="1" skipped="0" tests="6" time="4.334" timestamp="2026-09-12T04:16:56.807398+00:00" hostname="agent-env-b955af9d-fc0e-4339-819f-8c4b46c0a1e7"><testcase classname="tests.test_iteration13_bugs.TestEditRestInjury" name="test_edit_rest_session_no_change" time="1.272" /><testcase classname="tests.test_iteration13_bugs.TestEditRestInjury" name="test_edit_injury_session_no_change" time="0.664" /><testcase classname="tests.test_iteration13_bugs.TestEditRestInjury" name="test_edit_training_session_rpe_zero_blocked" time="0.271"><failure message="AssertionError: {&quot;detail&quot;:[{&quot;type&quot;:&quot;missing&quot;,&quot;loc&quot;:[&quot;body&quot;,&quot;sleep_quality&quot;],&quot;msg&quot;:&quot;Field required&quot;,&quot;input&quot;:{&quot;athlete_id&quot;:&quot;688c396a-0f5f-41c4-a4d8-cc51e7a265e1&quot;,&quot;date&quot;:&quot;2024-11-03&quot;,&quot;rpe&quot;:5,&quot;duration_min&quot;:60,&quot;session_type&quot;:&quot;training&quot;},&quot;url&quot;:&quot;https://errors.pydantic.dev/2.13/v/missing&quot;}]}&#10;assert 422 == 200&#10; +  where 422 = &lt;Response [422]&gt;.status_code">backend/tests/test_iteration13_bugs.py:114: in test_edit_training_session_rpe_zero_blocked
    assert r.status_code == 200, r.text
E   AssertionError: {"detail":[{"type":"missing","loc":["body","sleep_quality"],"msg":"Field required","input":{"athlete_id":"688c396a-0f5f-41c4-a4d8-cc51e7a265e1","date":"2024-11-03","rpe":5,"duration_min":60,"session_type":"training"},"url":"https://errors.pydantic.dev/2.13/v/missing"}]}
E   assert 422 == 200
E    +  where 422 = &lt;Response [422]&gt;.status_code</failure></testcase><testcase classname="tests.test_iteration13_bugs.TestPhotoPersistence" name="test_athlete_photo_db_persists_after_disk_delete" time="0.744" /><testcase classname="tests.test_iteration13_bugs.TestPhotoPersistence" name="test_team_logo_db_persists_after_disk_delete" time="0.762" /><testcase classname="tests.test_iteration13_bugs.TestExcludeInjured" name="test_default_and_exclude_true" time="0.536" /></testsuite></testsuites>