<?xml version="1.0" encoding="utf-8"?><testsuites name="pytest tests"><testsuite name="pytest" errors="0" failures="0" skipped="0" tests="13" time="4.069" timestamp="2026-09-20T11:20:39.399639+00:00" hostname="agent-env-b955af9d-fc0e-4339-819f-8c4b46c0a1e7"><testcase classname="tests.test_iteration18.TestMultipliersEndpoint" name="test_put_valid_multipliers_persist" time="2.072" /><testcase classname="tests.test_iteration18.TestMultipliersEndpoint" name="test_put_invalid_multipliers_400[bad0]" time="0.059" /><testcase classname="tests.test_iteration18.TestMultipliersEndpoint" name="test_put_invalid_multipliers_400[bad1]" time="0.060" /><testcase classname="tests.test_iteration18.TestMultipliersEndpoint" name="test_put_invalid_multipliers_400[bad2]" time="0.060" /><testcase classname="tests.test_iteration18.TestMultipliersEndpoint" name="test_put_invalid_multipliers_400[bad3]" time="0.060" /><testcase classname="tests.test_iteration18.TestMultipliersEndpoint" name="test_multipliers_flow_into_analytics" time="0.192" /><testcase classname="tests.test_iteration18.TestMultipliersEndpoint" name="test_reset_defaults" time="0.060" /><testcase classname="tests.test_iteration18.TestWarningKind" name="test_warning_kind_key_present" time="0.605" /><testcase classname="tests.test_iteration18.TestWarningKind" name="test_warning_kind_null_when_not_warning" time="0.067" /><testcase classname="tests.test_iteration18.TestRegressionsExports" name="test_athlete_full_pdf" time="0.212" /><testcase classname="tests.test_iteration18.TestRegressionsExports" name="test_team_full_pdf" time="0.284" /><testcase classname="tests.test_iteration18.TestRegressionsExports" name="test_weekly_export" time="0.126" /><testcase classname="tests.test_iteration18.TestRegressionsExports" name="test_monthly_export" time="0.126" /></testsuite></testsuites>