<?xml version="1.0" encoding="utf-8"?><testsuites name="pytest tests"><testsuite name="pytest" errors="0" failures="0" skipped="0" tests="6" time="1.293" timestamp="2026-06-17T11:32:58.673622+00:00" hostname="agent-env-b955af9d-fc0e-4339-819f-8c4b46c0a1e7"><testcase classname="tests.test_load_thresholds" name="test_get_team_has_thresholds" time="0.530" /><testcase classname="tests.test_load_thresholds" name="test_get_teams_has_thresholds" time="0.052" /><testcase classname="tests.test_load_thresholds" name="test_create_team_with_custom_thresholds" time="0.151" /><testcase classname="tests.test_load_thresholds" name="test_create_team_without_thresholds_uses_defaults" time="0.049" /><testcase classname="tests.test_load_thresholds" name="test_put_invalid_thresholds_returns_400" time="0.104" /><testcase classname="tests.test_load_thresholds" name="test_put_valid_thresholds_updates" time="0.249" /></testsuite></testsuites>