<?xml version="1.0" encoding="utf-8"?><testsuites name="pytest tests"><testsuite name="pytest" errors="0" failures="0" skipped="0" tests="7" time="2.296" timestamp="2026-09-19T10:34:01.297828+00:00" hostname="agent-env-b955af9d-fc0e-4339-819f-8c4b46c0a1e7"><testcase classname="tests.test_athlete_pdf_export" name="test_all_demo_athletes_export_pdf" time="1.309" /><testcase classname="tests.test_athlete_pdf_export" name="test_andre_lopes_specifically" time="0.079" /><testcase classname="tests.test_athlete_pdf_export" name="test_html_special_chars_in_athlete_name" time="0.210" /><testcase classname="tests.test_athlete_pdf_export" name="test_player_role_gets_403" time="0.429" /><testcase classname="tests.test_athlete_pdf_export" name="test_team_backup_zip_regression" time="0.067" /><testcase classname="tests.test_athlete_pdf_export" name="test_team_detailed_exclude_regression" time="0.071" /><testcase classname="tests.test_athlete_pdf_export" name="test_nonexistent_athlete_returns_404" time="0.069" /></testsuite></testsuites>