<?xml version="1.0" encoding="utf-8"?><testsuites name="pytest tests"><testsuite name="pytest" errors="0" failures="0" skipped="0" tests="9" time="1.262" timestamp="2026-06-15T13:17:06.259385+00:00" hostname="agent-env-b955af9d-fc0e-4339-819f-8c4b46c0a1e7"><testcase classname="backend.tests.test_phase2_features.TestMonthlySummary" name="test_monthly_returns_6_months" time="0.618" /><testcase classname="backend.tests.test_phase2_features.TestMonthlySummary" name="test_monthly_delta_between_consecutive" time="0.048" /><testcase classname="backend.tests.test_phase2_features.TestMonthlySummary" name="test_monthly_404_unknown_athlete" time="0.046" /><testcase classname="backend.tests.test_phase2_features.TestCompare" name="test_compare_two_athletes" time="0.061" /><testcase classname="backend.tests.test_phase2_features.TestCompare" name="test_compare_404_unknown" time="0.050" /><testcase classname="backend.tests.test_phase2_features.TestInjuries" name="test_list_injuries_seeded" time="0.094" /><testcase classname="backend.tests.test_phase2_features.TestInjuries" name="test_create_invalid_severity_returns_400" time="0.046" /><testcase classname="backend.tests.test_phase2_features.TestInjuries" name="test_create_and_delete_injury" time="0.188" /><testcase classname="backend.tests.test_phase2_features.TestInjuries" name="test_create_unknown_athlete_404" time="0.044" /></testsuite></testsuites>