<?xml version="1.0" encoding="utf-8"?><testsuites name="pytest tests"><testsuite name="pytest" errors="0" failures="0" skipped="0" tests="8" time="1.286" timestamp="2026-06-15T15:20:04.365160+00:00" hostname="agent-env-b955af9d-fc0e-4339-819f-8c4b46c0a1e7"><testcase classname="backend.tests.test_phase4_features.TestTeamSummaryNewFields" name="test_team_has_avg_sleep_avg_monotony_zone" time="0.510" /><testcase classname="backend.tests.test_phase4_features.TestTeamDetailed" name="test_team_detailed_structure" time="0.050" /><testcase classname="backend.tests.test_phase4_features.TestMonthlyTeamOverview" name="test_monthly_team_overview" time="0.050" /><testcase classname="backend.tests.test_phase4_features.TestCalendar" name="test_calendar_28_days_structure" time="0.044" /><testcase classname="backend.tests.test_phase4_features.TestCalendar" name="test_calendar_includes_planned" time="0.047" /><testcase classname="backend.tests.test_phase4_features.TestPlannedSessions" name="test_create_list_delete" time="0.252" /><testcase classname="backend.tests.test_phase4_features.TestSeedAndReset" name="test_seed_returns_planned_count" time="0.054" /><testcase classname="backend.tests.test_phase4_features.TestSeedAndReset" name="test_reset_all_returns_planned_deleted" time="0.204" /></testsuite></testsuites>