<?xml version="1.0" encoding="utf-8"?><testsuites name="pytest tests"><testsuite name="pytest" errors="0" failures="0" skipped="0" tests="12" time="2.682" timestamp="2026-06-15T13:27:51.949676+00:00" hostname="agent-env-b955af9d-fc0e-4339-819f-8c4b46c0a1e7"><testcase classname="backend.tests.test_phase3_features.TestRiskZones" name="test_team_analytics_has_new_zone_fields" time="0.552" /><testcase classname="backend.tests.test_phase3_features.TestRiskZones" name="test_zone_thresholds_consistent_with_values" time="0.046" /><testcase classname="backend.tests.test_phase3_features.TestRiskZones" name="test_critical_monotony_escalates_to_danger" time="0.757" /><testcase classname="backend.tests.test_phase3_features.TestPhotos" name="test_upload_png_success" time="0.096" /><testcase classname="backend.tests.test_phase3_features.TestPhotos" name="test_get_photo_is_public_and_correct_content_type" time="0.136" /><testcase classname="backend.tests.test_phase3_features.TestPhotos" name="test_upload_invalid_extension_rejected" time="0.046" /><testcase classname="backend.tests.test_phase3_features.TestPhotos" name="test_upload_oversize_rejected" time="0.255" /><testcase classname="backend.tests.test_phase3_features.TestPhotos" name="test_upload_jpg_and_webp_accepted" time="0.089" /><testcase classname="backend.tests.test_phase3_features.TestPhotos" name="test_delete_photo" time="0.189" /><testcase classname="backend.tests.test_phase3_features.TestPhotos" name="test_upload_unknown_athlete_404" time="0.050" /><testcase classname="backend.tests.test_phase3_features.TestResetAll" name="test_reset_all_deletes_everything" time="0.289" /><testcase classname="backend.tests.test_phase3_features.TestResetAll" name="test_reset_all_idempotent_when_no_data" time="0.078" /></testsuite></testsuites>