<?xml version="1.0" encoding="utf-8"?><testsuites name="pytest tests"><testsuite name="pytest" errors="0" failures="0" skipped="0" tests="12" time="1.414" timestamp="2026-06-15T18:28:27.262687+00:00" hostname="agent-env-b955af9d-fc0e-4339-819f-8c4b46c0a1e7"><testcase classname="backend.tests.test_phase6_features.TestSessionTypeCreate" name="test_create_with_explicit_session_type_match" time="0.576" /><testcase classname="backend.tests.test_phase6_features.TestSessionTypeCreate" name="test_create_defaults_to_training_when_omitted" time="0.049" /><testcase classname="backend.tests.test_phase6_features.TestSessionTypeCreate" name="test_create_invalid_session_type_returns_400" time="0.046" /><testcase classname="backend.tests.test_phase6_features.TestSessionTypeCreate" name="test_create_all_valid_types[training]" time="0.049" /><testcase classname="backend.tests.test_phase6_features.TestSessionTypeCreate" name="test_create_all_valid_types[match]" time="0.047" /><testcase classname="backend.tests.test_phase6_features.TestSessionTypeCreate" name="test_create_all_valid_types[gym]" time="0.054" /><testcase classname="backend.tests.test_phase6_features.TestSessionTypeCreate" name="test_create_all_valid_types[recovery]" time="0.047" /><testcase classname="backend.tests.test_phase6_features.TestSessionTypeUpdate" name="test_update_session_type_to_gym" time="0.154" /><testcase classname="backend.tests.test_phase6_features.TestSessionTypeUpdate" name="test_update_invalid_session_type_returns_400" time="0.095" /><testcase classname="backend.tests.test_phase6_features.TestCalendarSessionTypes" name="test_calendar_days_have_session_types_map" time="0.060" /><testcase classname="backend.tests.test_phase6_features.TestCalendarSessionTypes" name="test_calendar_session_types_have_all_4_types_over_28d" time="0.059" /><testcase classname="backend.tests.test_phase6_features.TestSeedSessionTypeByWeekday" name="test_seed_weekday_distribution" time="0.055" /></testsuite></testsuites>