<?xml version="1.0" encoding="utf-8"?><testsuites name="pytest tests"><testsuite name="pytest" errors="0" failures="0" skipped="0" tests="11" time="2.245" timestamp="2026-06-15T17:57:36.831165+00:00" hostname="agent-env-b955af9d-fc0e-4339-819f-8c4b46c0a1e7"><testcase classname="backend.tests.test_phase5_features.TestSessionWellnessField" name="test_create_session_with_wellness" time="0.580" /><testcase classname="backend.tests.test_phase5_features.TestSessionWellnessField" name="test_create_session_default_wellness" time="0.109" /><testcase classname="backend.tests.test_phase5_features.TestSessionWellnessField" name="test_wellness_out_of_range_rejected" time="0.056" /><testcase classname="backend.tests.test_phase5_features.TestSessionWellnessField" name="test_seed_creates_wellness_in_range" time="0.068" /><testcase classname="backend.tests.test_phase5_features.TestSessionUpdate" name="test_update_recomputes_load" time="0.276" /><testcase classname="backend.tests.test_phase5_features.TestSessionUpdate" name="test_update_nonexistent_returns_404" time="0.053" /><testcase classname="backend.tests.test_phase5_features.TestAthleteMetricsWellness" name="test_metrics_has_wellness_fields" time="0.057" /><testcase classname="backend.tests.test_phase5_features.TestWellnessRisk" name="test_low_wellness_forces_danger" time="0.804" /><testcase classname="backend.tests.test_phase5_features.TestWeeklySummary" name="test_weekly_athlete_structure" time="0.067" /><testcase classname="backend.tests.test_phase5_features.TestWeeklyTeamOverview" name="test_weekly_team_overview" time="0.052" /><testcase classname="backend.tests.test_phase5_features.TestTeamSummaryAvgWellness" name="test_team_summary_has_avg_wellness" time="0.059" /></testsuite></testsuites>