<?xml version="1.0" encoding="utf-8"?><testsuites name="pytest tests"><testsuite name="pytest" errors="0" failures="1" skipped="0" tests="15" time="2.304" timestamp="2026-06-15T11:55:24.632420+00:00" hostname="agent-env-b955af9d-fc0e-4339-819f-8c4b46c0a1e7"><testcase classname="backend.tests.test_futsal_api.TestAuth" name="test_login_success" time="0.526" /><testcase classname="backend.tests.test_futsal_api.TestAuth" name="test_login_invalid" time="0.318" /><testcase classname="backend.tests.test_futsal_api.TestAuth" name="test_register_new" time="0.369"><failure message="AssertionError: assert 'test_86b4791e@futsal.pt' == 'TEST_86b4791e@futsal.pt'&#10;  &#10;  - TEST_86b4791e@futsal.pt&#10;  ? ^^^^&#10;  + test_86b4791e@futsal.pt&#10;  ? ^^^^">backend/tests/test_futsal_api.py:48: in test_register_new
    assert r.json()["email"] == new_coach_session.test_email
E   AssertionError: assert 'test_86b4791e@futsal.pt' == 'TEST_86b4791e@futsal.pt'
E     
E     - TEST_86b4791e@futsal.pt
E     ? ^^^^
E     + test_86b4791e@futsal.pt
E     ? ^^^^</failure></testcase><testcase classname="backend.tests.test_futsal_api.TestAuth" name="test_register_duplicate" time="0.131" /><testcase classname="backend.tests.test_futsal_api.TestAuth" name="test_unauth_me" time="0.090" /><testcase classname="backend.tests.test_futsal_api.TestSeedAndAnalytics" name="test_seed_demo" time="0.054" /><testcase classname="backend.tests.test_futsal_api.TestSeedAndAnalytics" name="test_team_after_seed" time="0.041" /><testcase classname="backend.tests.test_futsal_api.TestSeedAndAnalytics" name="test_athletes_list" time="0.041" /><testcase classname="backend.tests.test_futsal_api.TestSeedAndAnalytics" name="test_team_analytics" time="0.053" /><testcase classname="backend.tests.test_futsal_api.TestSeedAndAnalytics" name="test_athlete_analytics" time="0.090" /><testcase classname="backend.tests.test_futsal_api.TestNewCoachFlow" name="test_empty_team" time="0.046" /><testcase classname="backend.tests.test_futsal_api.TestNewCoachFlow" name="test_athletes_empty" time="0.041" /><testcase classname="backend.tests.test_futsal_api.TestNewCoachFlow" name="test_create_team" time="0.086" /><testcase classname="backend.tests.test_futsal_api.TestNewCoachFlow" name="test_athlete_crud" time="0.219" /><testcase classname="backend.tests.test_futsal_api.TestNewCoachFlow" name="test_logout" time="0.041" /></testsuite></testsuites>