<?xml version="1.0" encoding="utf-8"?><testsuites name="pytest tests"><testsuite name="pytest" errors="0" failures="0" skipped="0" tests="24" time="7.344" timestamp="2026-06-17T15:51:25.337768+00:00" hostname="agent-env-b955af9d-fc0e-4339-819f-8c4b46c0a1e7"><testcase classname="backend.tests.test_roles_invites.TestAdminBootstrap" name="test_admin_login_returns_admin_role" time="0.488" /><testcase classname="backend.tests.test_roles_invites.TestAdminBootstrap" name="test_admin_can_list_users" time="0.447" /><testcase classname="backend.tests.test_roles_invites.TestRegisterPending" name="test_pending_coach_cannot_login" time="0.692" /><testcase classname="backend.tests.test_roles_invites.TestAdminLifecycle" name="test_validate_then_login_works" time="0.448" /><testcase classname="backend.tests.test_roles_invites.TestAdminLifecycle" name="test_suspend_blocks_login" time="0.540" /><testcase classname="backend.tests.test_roles_invites.TestAdminLifecycle" name="test_reactivate_unblocks_login" time="0.443" /><testcase classname="backend.tests.test_roles_invites.TestAdminSelfProtection" name="test_cannot_delete_admin" time="0.206" /><testcase classname="backend.tests.test_roles_invites.TestAdminSelfProtection" name="test_cannot_suspend_admin" time="0.214" /><testcase classname="backend.tests.test_roles_invites.TestInviteFlow" name="test_coach_create_invite" time="0.532" /><testcase classname="backend.tests.test_roles_invites.TestInviteFlow" name="test_refreshing_invite_replaces_token" time="0.102" /><testcase classname="backend.tests.test_roles_invites.TestInviteFlow" name="test_public_get_invite_info" time="0.174" /><testcase classname="backend.tests.test_roles_invites.TestInviteFlow" name="test_accept_invite_creates_player" time="0.330" /><testcase classname="backend.tests.test_roles_invites.TestInviteFlow" name="test_invite_consumed_after_accept" time="0.122" /><testcase classname="backend.tests.test_roles_invites.TestPlayerRestrictions" name="test_player_blocked_from_coach_endpoint[/athletes]" time="0.108" /><testcase classname="backend.tests.test_roles_invites.TestPlayerRestrictions" name="test_player_blocked_from_coach_endpoint[/sessions]" time="0.104" /><testcase classname="backend.tests.test_roles_invites.TestPlayerRestrictions" name="test_player_blocked_from_coach_endpoint[/calendar?start=2026-01-01&amp;days=7]" time="0.109" /><testcase classname="backend.tests.test_roles_invites.TestPlayerRestrictions" name="test_player_blocked_from_coach_endpoint[/teams]" time="0.135" /><testcase classname="backend.tests.test_roles_invites.TestPlayerRestrictions" name="test_player_me_works" time="0.112" /><testcase classname="backend.tests.test_roles_invites.TestPlayerSessions" name="test_player_create_session" time="0.096" /><testcase classname="backend.tests.test_roles_invites.TestPlayerSessions" name="test_player_list_sessions_no_load" time="0.105" /><testcase classname="backend.tests.test_roles_invites.TestPlayerSessions" name="test_player_delete_own_session" time="0.248" /><testcase classname="backend.tests.test_roles_invites.TestPlayerSessions" name="test_player_delete_other_session_404" time="0.104" /><testcase classname="backend.tests.test_roles_invites.TestAthleteCascade" name="test_athlete_delete_removes_player_user" time="0.987" /><testcase classname="backend.tests.test_roles_invites.TestZAdminDeleteCoachCascade" name="test_delete_coach_cascade" time="0.385" /></testsuite></testsuites>